SF:lib\bloc\splash_screen\splash_screen_bloc.dart
DA:13,6
DA:16,2
DA:19,2
DA:20,4
DA:21,6
DA:23,4
DA:25,4
LF:7
LH:7
end_of_record
SF:lib\bloc\splash_screen\splash_screen_state.dart
DA:4,2
DA:6,1
DA:7,1
LF:3
LH:3
end_of_record
SF:lib\bloc\splash_screen\splash_screen_event.dart
DA:4,2
DA:6,0
DA:7,0
LF:3
LH:1
end_of_record
SF:lib\utils\connection.dart
DA:4,0
DA:5,0
DA:6,0
DA:8,0
LF:4
LH:0
end_of_record
SF:lib\page\splash_screen\splash_screeen.dart
DA:8,1
DA:9,1
DA:14,1
DA:16,3
DA:18,3
DA:20,1
DA:23,1
DA:25,1
DA:26,1
DA:27,1
DA:28,1
DA:29,1
DA:30,1
DA:31,2
DA:32,1
DA:34,1
DA:35,1
DA:36,1
DA:38,1
DA:39,1
DA:40,1
DA:42,3
DA:49,1
DA:50,2
DA:51,2
DA:52,1
DA:54,1
DA:55,1
DA:56,1
DA:58,1
DA:59,1
DA:60,1
DA:62,3
DA:69,1
DA:70,3
DA:73,1
DA:74,1
DA:76,1
DA:86,2
DA:89,1
DA:92,1
DA:94,1
DA:96,1
DA:98,1
LF:44
LH:44
end_of_record
SF:lib\page\welcome_screen\welcome_screen.dart
DA:6,1
DA:7,1
DA:11,1
DA:13,1
DA:14,1
DA:15,1
DA:16,1
DA:17,1
DA:19,1
DA:20,1
DA:22,3
DA:26,1
DA:27,1
DA:29,1
DA:30,1
DA:32,4
DA:34,3
DA:35,1
DA:37,3
DA:39,0
DA:40,0
DA:42,0
DA:43,0
DA:47,1
DA:48,2
DA:51,1
DA:53,4
DA:55,3
DA:56,1
DA:58,3
DA:60,0
DA:61,1
DA:62,2
LF:33
LH:28
end_of_record
SF:lib\utils\app_theme.dart
DA:9,1
DA:11,1
DA:13,1
DA:14,2
LF:4
LH:4
end_of_record
SF:lib\page\login_screen\login_screen.dart
DA:5,0
DA:6,0
DA:13,0
DA:14,0
DA:15,0
DA:19,0
DA:21,0
DA:22,0
DA:24,0
DA:26,0
DA:27,0
DA:28,0
DA:29,0
DA:30,0
DA:33,0
DA:34,0
DA:35,0
DA:36,0
DA:43,0
DA:44,0
DA:46,0
DA:48,0
DA:49,0
DA:50,0
DA:51,0
DA:52,0
DA:55,0
DA:56,0
DA:57,0
DA:58,0
DA:60,0
DA:61,0
DA:62,0
DA:63,0
DA:65,0
DA:69,0
DA:73,0
DA:75,0
DA:76,0
DA:79,0
DA:80,0
DA:81,0
DA:82,0
DA:83,0
DA:84,0
DA:87,0
DA:88,0
DA:90,0
DA:91,0
DA:94,0
DA:96,0
DA:97,0
DA:98,0
DA:100,0
DA:103,0
DA:105,0
DA:106,0
DA:107,0
DA:111,0
DA:112,0
DA:113,0
DA:114,0
DA:117,0
DA:118,0
DA:121,0
DA:123,0
DA:125,0
DA:126,0
DA:127,0
DA:130,0
DA:133,0
DA:136,0
DA:137,0
DA:138,0
DA:139,0
DA:140,0
DA:142,0
DA:144,0
DA:146,0
DA:148,0
DA:150,0
DA:152,0
DA:159,0
DA:161,0
DA:165,0
DA:168,0
DA:173,0
DA:174,0
DA:175,0
DA:177,0
DA:178,0
DA:180,0
DA:182,0
DA:185,0
DA:186,0
DA:191,0
DA:193,0
LF:97
LH:0
end_of_record
SF:lib\utils\app_theme_data.dart
DA:6,1
DA:13,1
DA:14,2
DA:15,1
DA:16,1
DA:18,1
DA:19,1
DA:21,1
DA:22,1
DA:24,1
DA:25,1
DA:30,1
DA:31,2
LF:13
LH:13
end_of_record
